<?xml version="1.0" encoding="utf-8"?><testsuites name="pytest tests"><testsuite name="pytest" errors="0" failures="0" skipped="0" tests="26" time="5.599" timestamp="2026-07-21T15:05:44.284194+00:00" hostname="agent-env-d13a65e5-5938-449f-835e-9bc078b515e9"><testcase classname="tests.backend_test" name="test_health" time="0.563" /><testcase classname="tests.backend_test" name="test_root" time="0.048" /><testcase classname="tests.backend_test" name="test_telemetry_snapshot_shape" time="0.049" /><testcase classname="tests.backend_test" name="test_websocket_streams_frames" time="2.176" /><testcase classname="tests.backend_test" name="test_mission_brief" time="0.039" /><testcase classname="tests.backend_test" name="test_poi_nearby_sorted_by_distance" time="0.075" /><testcase classname="tests.backend_test" name="test_ai_nearby_picks" time="0.040" /><testcase classname="tests.backend_test" name="test_weather_forecast" time="0.957" /><testcase classname="tests.backend_test" name="test_auth_unlock_correct_password" time="0.041" /><testcase classname="tests.backend_test" name="test_auth_unlock_wrong_password" time="0.075" /><testcase classname="tests.backend_test" name="test_camera_snapshot_locked" time="0.056" /><testcase classname="tests.backend_test" name="test_camera_snapshot_unlocked" time="0.070" /><testcase classname="tests.backend_test" name="test_history[battery-1h-60]" time="0.038" /><testcase classname="tests.backend_test" name="test_history[solar-24h-96]" time="0.040" /><testcase classname="tests.backend_test" name="test_history[load-7d-168]" time="0.046" /><testcase classname="tests.backend_test" name="test_history[temp-30d-180]" time="0.046" /><testcase classname="tests.backend_test" name="test_history_invalid_domain" time="0.053" /><testcase classname="tests.backend_test" name="test_history_invalid_range" time="0.061" /><testcase classname="tests.backend_test" name="test_wifi_status" time="0.049" /><testcase classname="tests.backend_test" name="test_wifi_scan" time="0.062" /><testcase classname="tests.backend_test" name="test_wifi_connect_secured_requires_password" time="0.037" /><testcase classname="tests.backend_test" name="test_wifi_connect_open_ok" time="0.043" /><testcase classname="tests.backend_test" name="test_wifi_connect_unknown_ssid" time="0.055" /><testcase classname="tests.backend_test" name="test_plugins" time="0.036" /><testcase classname="tests.backend_test" name="test_tunnel_status" time="0.034" /><testcase classname="tests.backend_test" name="test_settings_get_and_update" time="0.252" /></testsuite></testsuites>