<?xml version="1.0" encoding="utf-8"?><testsuites name="pytest tests"><testsuite name="pytest" errors="0" failures="0" skipped="0" tests="46" time="1.489" timestamp="2026-07-21T19:47:21.955429+00:00" hostname="agent-env-d13a65e5-5938-449f-835e-9bc078b515e9"><testcase classname="tests.backend_test.TestAuthAndRelays" name="test_auth_wrong_password" time="0.004" /><testcase classname="tests.backend_test.TestHistory" name="test_history_range[1.0-battery]" time="0.006" /><testcase classname="tests.backend_test.TestAuthAndRelays" name="test_auth_correct" time="0.002" /><testcase classname="tests.backend_test.TestAuthAndRelays" name="test_relays_locked_without_token" time="0.003" /><testcase classname="tests.backend_test.TestAuthAndRelays" name="test_relays_unlocked" time="0.043" /><testcase classname="tests.backend_test.TestHistory" name="test_history_range[1.0-solar]" time="0.044" /><testcase classname="tests.backend_test.TestHistory" name="test_history_range[1.0-energy]" time="0.041" /><testcase classname="tests.backend_test.TestAuthAndRelays" name="test_relay_set_and_persistence" time="0.084" /><testcase classname="tests.backend_test.TestHistory" name="test_history_range[1.0-environment]" time="0.041" /><testcase classname="tests.backend_test.TestHistory" name="test_history_range[24.0-battery]" time="0.041" /><testcase classname="tests.backend_test.TestAuthAndRelays" name="test_relays_all_off" time="0.123" /><testcase classname="tests.backend_test.TestHistory" name="test_history_range[24.0-solar]" time="0.042" /><testcase classname="tests.backend_test.TestHistory" name="test_history_range[24.0-energy]" time="0.042" /><testcase classname="tests.backend_test.TestHonestyInvariants" name="test_battery_soc_is_null" time="0.041" /><testcase classname="tests.backend_test.TestHistory" name="test_history_range[24.0-environment]" time="0.042" /><testcase classname="tests.backend_test.TestHonestyInvariants" name="test_energy_loads_is_empty" time="0.041" /><testcase classname="tests.backend_test.TestHistory" name="test_history_range[168.0-battery]" time="0.041" /><testcase classname="tests.backend_test.TestHonestyInvariants" name="test_environment_humidity_is_null" time="0.042" /><testcase classname="tests.backend_test.TestHistory" name="test_history_range[168.0-solar]" time="0.041" /><testcase classname="tests.backend_test.TestDomains" name="test_solar" time="0.041" /><testcase classname="tests.backend_test.TestHistory" name="test_history_range[168.0-energy]" time="0.041" /><testcase classname="tests.backend_test.TestDomains" name="test_connectivity" time="0.041" /><testcase classname="tests.backend_test.TestHistory" name="test_history_range[168.0-environment]" time="0.041" /><testcase classname="tests.backend_test.TestDomains" name="test_system" time="0.042" /><testcase classname="tests.backend_test.TestHistory" name="test_history_range[720.0-battery]" time="0.041" /><testcase classname="tests.backend_test.TestPoi" name="test_poi_nearby_default" time="0.042" /><testcase classname="tests.backend_test.TestHistory" name="test_history_range[720.0-solar]" time="0.042" /><testcase classname="tests.backend_test.TestPoi" name="test_poi_with_radius_and_categories" time="0.042" /><testcase classname="tests.backend_test.TestHistory" name="test_history_range[720.0-energy]" time="0.042" /><testcase classname="tests.backend_test.TestPoi" name="test_poi_does_not_take_lat_lng" time="0.041" /><testcase classname="tests.backend_test.TestHistory" name="test_history_range[720.0-environment]" time="0.041" /><testcase classname="tests.backend_test.TestAi" name="test_ai_status_configured_false" time="0.041" /><testcase classname="tests.backend_test.TestCamera" name="test_snapshot_requires_auth" time="0.002" /><testcase classname="tests.backend_test.TestAi" name="test_ai_nearby_unauthed_401" time="0.002" /><testcase classname="tests.backend_test.TestAi" name="test_ai_nearby_authed_returns_503" time="0.041" /><testcase classname="tests.backend_test.TestCamera" name="test_snapshot_with_query_token" time="0.045" /><testcase classname="tests.backend_test.TestCamera" name="test_snapshot_with_header_token" time="0.042" /><testcase classname="tests.backend_test.TestWifi" name="test_wifi_status" time="0.042" /><testcase classname="tests.backend_test.TestLocation" name="test_get_location" time="0.042" /><testcase classname="tests.backend_test.TestWifi" name="test_wifi_scan" time="0.041" /><testcase classname="tests.backend_test.TestLocation" name="test_post_gps" time="0.124" /><testcase classname="tests.backend_test.TestWebSocket" name="test_ws_per_domain_and_simulation_source" time="0.015" /><testcase classname="tests.backend_test.TestWebSocket" name="test_ws_prod_path_also_works" time="0.003" /><testcase classname="tests.backend_test.TestPlugins" name="test_plugins_listing" time="0.042" /><testcase classname="tests.backend_test.TestHealth" name="test_health" time="0.042" /><testcase classname="tests.backend_test.TestMissionBrief" name="test_mission_brief" time="0.041" /></testsuite></testsuites>